2015-03-25 10:28:39,332 - ResourceManager : found testResults.vm with loader fitnesse.responders.templateUtilities.ClasspathResourceLoader
2015-03-25 10:28:49,359 - ResourceManager : found testResults.vm with loader fitnesse.responders.templateUtilities.ClasspathResourceLoader
2015-03-25 10:29:09,317 - ResourceManager : found testResults.vm with loader fitnesse.responders.templateUtilities.ClasspathResourceLoader
2015-03-25 10:29:40,906 - ResourceManager : found testResults.vm with loader fitnesse.responders.templateUtilities.ClasspathResourceLoader
2015-03-25 10:29:48,208 - ResourceManager : found testResults.vm with loader fitnesse.responders.templateUtilities.ClasspathResourceLoader
2015-03-25 10:29:55,099 - ResourceManager : found testResults.vm with loader fitnesse.responders.templateUtilities.ClasspathResourceLoader
2015-03-25 10:30:03,950 - ResourceManager : found testResults.vm with loader fitnesse.responders.templateUtilities.ClasspathResourceLoader
2015-03-25 10:30:15,857 - ResourceManager : found testResults.vm with loader fitnesse.responders.templateUtilities.ClasspathResourceLoader
2015-03-25 10:30:23,713 - ResourceManager : found testResults.vm with loader fitnesse.responders.templateUtilities.ClasspathResourceLoader
2015-03-25 10:30:32,535 - ResourceManager : found testResults.vm with loader fitnesse.responders.templateUtilities.ClasspathResourceLoader
2015-03-25 10:30:39,395 - ResourceManager : found testResults.vm with loader fitnesse.responders.templateUtilities.ClasspathResourceLoader
2015-03-25 10:30:47,229 - ResourceManager : found testResults.vm with loader fitnesse.responders.templateUtilities.ClasspathResourceLoader
2015-03-25 10:30:54,083 - ResourceManager : found testResults.vm with loader fitnesse.responders.templateUtilities.ClasspathResourceLoader
2015-03-25 10:30:59,982 - ResourceManager : found testResults.vm with loader fitnesse.responders.templateUtilities.ClasspathResourceLoader
2015-03-25 10:31:09,775 - ResourceManager : found testResults.vm with loader fitnesse.responders.templateUtilities.ClasspathResourceLoader
2015-03-25 10:31:18,639 - ResourceManager : found testResults.vm with loader fitnesse.responders.templateUtilities.ClasspathResourceLoader
2015-03-25 10:31:47,795 - ResourceManager : found testResults.vm with loader fitnesse.responders.templateUtilities.ClasspathResourceLoader
2015-03-25 10:31:56,373 - ResourceManager : found testResults.vm with loader fitnesse.responders.templateUtilities.ClasspathResourceLoader
2015-03-25 10:32:05,239 - ResourceManager : found testResults.vm with loader fitnesse.responders.templateUtilities.ClasspathResourceLoader
2015-03-25 10:32:14,047 - ResourceManager : found testResults.vm with loader fitnesse.responders.templateUtilities.ClasspathResourceLoader
2015-03-25 10:32:23,748 - ResourceManager : found testResults.vm with loader fitnesse.responders.templateUtilities.ClasspathResourceLoader
2015-03-25 10:32:33,080 - ResourceManager : found testResults.vm with loader fitnesse.responders.templateUtilities.ClasspathResourceLoader
2015-03-25 10:32:43,105 - ResourceManager : found testResults.vm with loader fitnesse.responders.templateUtilities.ClasspathResourceLoader
2015-03-25 10:32:51,910 - ResourceManager : found testResults.vm with loader fitnesse.responders.templateUtilities.ClasspathResourceLoader
2015-03-25 10:33:00,698 - ResourceManager : found testResults.vm with loader fitnesse.responders.templateUtilities.ClasspathResourceLoader
2015-03-25 10:33:09,525 - ResourceManager : found testResults.vm with loader fitnesse.responders.templateUtilities.ClasspathResourceLoader
2015-03-25 10:33:22,438 - ResourceManager : found testResults.vm with loader fitnesse.responders.templateUtilities.ClasspathResourceLoader
2015-03-25 10:33:30,257 - ResourceManager : found testResults.vm with loader fitnesse.responders.templateUtilities.ClasspathResourceLoader
2015-03-25 10:33:37,103 - ResourceManager : found testResults.vm with loader fitnesse.responders.templateUtilities.ClasspathResourceLoader
2015-03-25 10:33:44,904 - ResourceManager : found testResults.vm with loader fitnesse.responders.templateUtilities.ClasspathResourceLoader
2015-03-25 10:33:53,919 - ResourceManager : found testResults.vm with loader fitnesse.responders.templateUtilities.ClasspathResourceLoader
2015-03-25 10:33:55,959 - ResourceManager : found executionLog.vm with loader fitnesse.responders.templateUtilities.ClasspathResourceLoader
2015-03-25 10:33:56,556 - ResourceManager : found suiteHistoryXML.vm with loader fitnesse.responders.templateUtilities.ClasspathResourceLoader
2015-03-25 10:33:56,679 - ResourceManager : found wikiFooter.vm with loader fitnesse.responders.templateUtilities.ClasspathResourceLoader
2015-03-25 11:18:27,405 - ResourceManager : found skeleton.vm with loader fitnesse.responders.templateUtilities.ClasspathResourceLoader
2015-03-25 11:18:27,405 - ResourceManager : found skeleton.vm with loader fitnesse.responders.templateUtilities.ClasspathResourceLoader
2015-03-25 11:18:27,405 - ResourceManager : found skeleton.vm with loader fitnesse.responders.templateUtilities.ClasspathResourceLoader
2015-03-25 11:18:27,407 - ResourceManager : found header.vm with loader fitnesse.responders.templateUtilities.ClasspathResourceLoader
2015-03-25 11:18:27,407 - #parse(): null argument at skeleton.vm[line 42, column 4]
2015-03-25 11:18:27,407 - ResourceManager : found header.vm with loader fitnesse.responders.templateUtilities.ClasspathResourceLoader
2015-03-25 11:18:27,407 - ResourceManager : found header.vm with loader fitnesse.responders.templateUtilities.ClasspathResourceLoader
2015-03-25 11:18:27,407 - #parse(): null argument at skeleton.vm[line 42, column 4]
2015-03-25 11:18:27,407 - #parse(): null argument at skeleton.vm[line 42, column 4]
2015-03-25 11:18:27,407 - ResourceManager : found error.vm with loader fitnesse.responders.templateUtilities.ClasspathResourceLoader
2015-03-25 11:18:27,408 - ResourceManager : found error.vm with loader fitnesse.responders.templateUtilities.ClasspathResourceLoader
2015-03-25 11:18:27,408 - ResourceManager : found error.vm with loader fitnesse.responders.templateUtilities.ClasspathResourceLoader
2015-03-25 11:18:58,001 - ResourceManager : found skeleton.vm with loader fitnesse.responders.templateUtilities.ClasspathResourceLoader
2015-03-25 11:18:58,002 - ResourceManager : found header.vm with loader fitnesse.responders.templateUtilities.ClasspathResourceLoader
2015-03-25 11:18:58,003 - Velocimacro : VM addition rejected : group : inline not allowed to replace existing VM
2015-03-25 11:18:58,003 - ResourceManager : found wikiNav.vm with loader fitnesse.responders.templateUtilities.ClasspathResourceLoader
2015-03-25 11:18:58,004 - ResourceManager : found wikiPage.vm with loader fitnesse.responders.templateUtilities.ClasspathResourceLoader
2015-03-25 11:18:58,029 - ResourceManager : found wikiFooter.vm with loader fitnesse.responders.templateUtilities.ClasspathResourceLoader
2015-03-25 11:19:03,895 - ResourceManager : found skeleton.vm with loader fitnesse.responders.templateUtilities.ClasspathResourceLoader
2015-03-25 11:19:03,895 - ResourceManager : found header.vm with loader fitnesse.responders.templateUtilities.ClasspathResourceLoader
2015-03-25 11:19:03,896 - Velocimacro : VM addition rejected : group : inline not allowed to replace existing VM
2015-03-25 11:19:03,896 - ResourceManager : found wikiNav.vm with loader fitnesse.responders.templateUtilities.ClasspathResourceLoader
2015-03-25 11:19:03,898 - ResourceManager : found wikiPage.vm with loader fitnesse.responders.templateUtilities.ClasspathResourceLoader
2015-03-25 11:19:03,910 - ResourceManager : found wikiFooter.vm with loader fitnesse.responders.templateUtilities.ClasspathResourceLoader
2015-03-25 11:19:05,826 - ResourceManager : found skeleton.vm with loader fitnesse.responders.templateUtilities.ClasspathResourceLoader
2015-03-25 11:19:05,827 - ResourceManager : found header.vm with loader fitnesse.responders.templateUtilities.ClasspathResourceLoader
2015-03-25 11:19:05,828 - Velocimacro : VM addition rejected : group : inline not allowed to replace existing VM
2015-03-25 11:19:05,828 - ResourceManager : found wikiNav.vm with loader fitnesse.responders.templateUtilities.ClasspathResourceLoader
2015-03-25 11:19:05,830 - ResourceManager : found wikiPage.vm with loader fitnesse.responders.templateUtilities.ClasspathResourceLoader
2015-03-25 11:19:05,839 - ResourceManager : found wikiFooter.vm with loader fitnesse.responders.templateUtilities.ClasspathResourceLoader
2015-03-25 11:19:07,224 - ResourceManager : found skeleton.vm with loader fitnesse.responders.templateUtilities.ClasspathResourceLoader
2015-03-25 11:19:07,226 - ResourceManager : found header.vm with loader fitnesse.responders.templateUtilities.ClasspathResourceLoader
2015-03-25 11:19:07,227 - ResourceManager : found errorNavigator.vm with loader fitnesse.responders.templateUtilities.ClasspathResourceLoader
2015-03-25 11:19:07,228 - ResourceManager : found testNav.vm with loader fitnesse.responders.templateUtilities.ClasspathResourceLoader
2015-03-25 11:19:07,229 - Velocimacro : VM addition rejected : group : inline not allowed to replace existing VM
2015-03-25 11:19:07,230 - ResourceManager : found wikiNav.vm with loader fitnesse.responders.templateUtilities.ClasspathResourceLoader
2015-03-25 11:19:07,235 - ResourceManager : found testPage.vm with loader fitnesse.responders.templateUtilities.ClasspathResourceLoader
2015-03-25 11:19:26,324 - ResourceManager : found testResults.vm with loader fitnesse.responders.templateUtilities.ClasspathResourceLoader
2015-03-25 11:19:28,363 - ResourceManager : found executionLog.vm with loader fitnesse.responders.templateUtilities.ClasspathResourceLoader
2015-03-25 11:19:28,808 - ResourceManager : found wikiFooter.vm with loader fitnesse.responders.templateUtilities.ClasspathResourceLoader
2015-03-25 11:23:31,010 - ResourceManager : found skeleton.vm with loader fitnesse.responders.templateUtilities.ClasspathResourceLoader
2015-03-25 11:23:31,010 - ResourceManager : found header.vm with loader fitnesse.responders.templateUtilities.ClasspathResourceLoader
2015-03-25 11:23:31,011 - Velocimacro : VM addition rejected : group : inline not allowed to replace existing VM
2015-03-25 11:23:31,012 - ResourceManager : found wikiNav.vm with loader fitnesse.responders.templateUtilities.ClasspathResourceLoader
2015-03-25 11:23:31,031 - ResourceManager : found wikiPage.vm with loader fitnesse.responders.templateUtilities.ClasspathResourceLoader
2015-03-25 11:23:31,240 - ResourceManager : found wikiFooter.vm with loader fitnesse.responders.templateUtilities.ClasspathResourceLoader
2015-03-25 12:51:57,677 - ResourceManager : found skeleton.vm with loader fitnesse.responders.templateUtilities.ClasspathResourceLoader
2015-03-25 12:51:57,678 - ResourceManager : found header.vm with loader fitnesse.responders.templateUtilities.ClasspathResourceLoader
2015-03-25 12:51:57,678 - #parse(): null argument at skeleton.vm[line 42, column 4]
2015-03-25 12:51:57,679 - ResourceManager : found editPage.vm with loader fitnesse.responders.templateUtilities.ClasspathResourceLoader
2015-03-25 12:54:39,774 - ResourceManager : found skeleton.vm with loader fitnesse.responders.templateUtilities.ClasspathResourceLoader
2015-03-25 12:54:39,775 - ResourceManager : found header.vm with loader fitnesse.responders.templateUtilities.ClasspathResourceLoader
2015-03-25 12:54:39,778 - ResourceManager : found errorNavigator.vm with loader fitnesse.responders.templateUtilities.ClasspathResourceLoader
2015-03-25 12:54:39,780 - ResourceManager : found testNav.vm with loader fitnesse.responders.templateUtilities.ClasspathResourceLoader
2015-03-25 12:54:39,781 - Velocimacro : VM addition rejected : group : inline not allowed to replace existing VM
2015-03-25 12:54:39,781 - ResourceManager : found wikiNav.vm with loader fitnesse.responders.templateUtilities.ClasspathResourceLoader
2015-03-25 12:54:39,792 - ResourceManager : found testPage.vm with loader fitnesse.responders.templateUtilities.ClasspathResourceLoader
2015-03-25 12:54:57,787 - ResourceManager : found testResults.vm with loader fitnesse.responders.templateUtilities.ClasspathResourceLoader
2015-03-25 12:54:59,828 - ResourceManager : found executionLog.vm with loader fitnesse.responders.templateUtilities.ClasspathResourceLoader
2015-03-25 12:55:00,167 - ResourceManager : found wikiFooter.vm with loader fitnesse.responders.templateUtilities.ClasspathResourceLoader
2015-03-25 12:55:19,964 - ResourceManager : found skeleton.vm with loader fitnesse.responders.templateUtilities.ClasspathResourceLoader
2015-03-25 12:55:19,964 - ResourceManager : found header.vm with loader fitnesse.responders.templateUtilities.ClasspathResourceLoader
2015-03-25 12:55:19,971 - Velocimacro : VM addition rejected : group : inline not allowed to replace existing VM
2015-03-25 12:55:19,971 - ResourceManager : found wikiNav.vm with loader fitnesse.responders.templateUtilities.ClasspathResourceLoader
2015-03-25 12:55:19,988 - ResourceManager : found wikiPage.vm with loader fitnesse.responders.templateUtilities.ClasspathResourceLoader
2015-03-25 12:55:20,180 - ResourceManager : found wikiFooter.vm with loader fitnesse.responders.templateUtilities.ClasspathResourceLoader
2015-03-25 13:05:07,383 - ResourceManager : found skeleton.vm with loader fitnesse.responders.templateUtilities.ClasspathResourceLoader
2015-03-25 13:05:07,385 - ResourceManager : found header.vm with loader fitnesse.responders.templateUtilities.ClasspathResourceLoader
2015-03-25 13:05:07,386 - ResourceManager : found errorNavigator.vm with loader fitnesse.responders.templateUtilities.ClasspathResourceLoader
2015-03-25 13:05:07,387 - ResourceManager : found testNav.vm with loader fitnesse.responders.templateUtilities.ClasspathResourceLoader
2015-03-25 13:05:07,388 - Velocimacro : VM addition rejected : group : inline not allowed to replace existing VM
2015-03-25 13:05:07,389 - ResourceManager : found wikiNav.vm with loader fitnesse.responders.templateUtilities.ClasspathResourceLoader
2015-03-25 13:05:07,397 - ResourceManager : found testPage.vm with loader fitnesse.responders.templateUtilities.ClasspathResourceLoader
2015-03-25 13:05:26,038 - ResourceManager : found testResults.vm with loader fitnesse.responders.templateUtilities.ClasspathResourceLoader
2015-03-25 13:05:28,079 - ResourceManager : found executionLog.vm with loader fitnesse.responders.templateUtilities.ClasspathResourceLoader
2015-03-25 13:05:28,408 - ResourceManager : found wikiFooter.vm with loader fitnesse.responders.templateUtilities.ClasspathResourceLoader
2015-03-25 16:55:39,153 - Log4JLogChute initialized using file 'velocity.log'
2015-03-25 16:55:39,154 - The version of log4j being used does not support the "trace" level.
2015-03-25 16:55:39,154 - Initializing Velocity, Calling init()...
2015-03-25 16:55:39,154 - *******************************************************************
2015-03-25 16:55:39,154 - Starting Apache Velocity v1.7 (compiled: 2010-11-19 12:14:37)
2015-03-25 16:55:39,154 - RuntimeInstance initializing.
2015-03-25 16:55:39,154 - Default Properties File: org\apache\velocity\runtime\defaults\velocity.properties
2015-03-25 16:55:39,154 - Trying to use logger class org.apache.velocity.runtime.log.AvalonLogChute
2015-03-25 16:55:39,154 - Target log system for org.apache.velocity.runtime.log.AvalonLogChute is not available (java.lang.NoClassDefFoundError: org/apache/log/format/Formatter).  Falling back to next log system...
2015-03-25 16:55:39,154 - Trying to use logger class org.apache.velocity.runtime.log.Log4JLogChute
2015-03-25 16:55:39,154 - Using logger class org.apache.velocity.runtime.log.Log4JLogChute
2015-03-25 16:55:39,156 - Default ResourceManager initializing. (class org.apache.velocity.runtime.resource.ResourceManagerImpl)
2015-03-25 16:55:39,160 - ResourceLoader instantiated: org.apache.velocity.runtime.resource.loader.FileResourceLoader
2015-03-25 16:55:39,161 - FileResourceLoader : initialization starting.
2015-03-25 16:55:39,161 - Do unicode file recognition:  false
2015-03-25 16:55:39,161 - FileResourceLoader : adding path './FitNesseRoot/files/fitnesse/templates'
2015-03-25 16:55:39,161 - FileResourceLoader : initialization complete.
2015-03-25 16:55:39,161 - ResourceLoader instantiated: fitnesse.responders.templateUtilities.ClasspathResourceLoader
2015-03-25 16:55:39,161 - ResourceLoader instantiated: fitnesse.responders.templateUtilities.ClasspathResourceLoader
2015-03-25 16:55:39,177 - ResourceCache: initialized (class org.apache.velocity.runtime.resource.ResourceCacheImpl) with class java.util.Collections$SynchronizedMap cache map.
2015-03-25 16:55:39,177 - Default ResourceManager initialization complete.
2015-03-25 16:55:39,178 - Loaded System Directive: org.apache.velocity.runtime.directive.Stop
2015-03-25 16:55:39,178 - Loaded System Directive: org.apache.velocity.runtime.directive.Define
2015-03-25 16:55:39,180 - Loaded System Directive: org.apache.velocity.runtime.directive.Break
2015-03-25 16:55:39,181 - Loaded System Directive: org.apache.velocity.runtime.directive.Evaluate
2015-03-25 16:55:39,182 - Loaded System Directive: org.apache.velocity.runtime.directive.Literal
2015-03-25 16:55:39,183 - Loaded System Directive: org.apache.velocity.runtime.directive.Macro
2015-03-25 16:55:39,185 - Loaded System Directive: org.apache.velocity.runtime.directive.Parse
2015-03-25 16:55:39,186 - Loaded System Directive: org.apache.velocity.runtime.directive.Include
2015-03-25 16:55:39,186 - Loaded System Directive: org.apache.velocity.runtime.directive.Foreach
2015-03-25 16:55:39,212 - Created '20' parsers.
2015-03-25 16:55:39,218 - Velocimacro : initialization starting.
2015-03-25 16:55:39,218 - Velocimacro : "velocimacro.library" is not set.  Trying default library: VM_global_library.vm
2015-03-25 16:55:39,219 - Could not load resource 'VM_global_library.vm' from ResourceLoader fitnesse.responders.templateUtilities.ClasspathResourceLoader: ClasspathResourceLoader Error: cannot find resource /fitnesse/resources/fitnesse_straight/templates/VM_global_library.vm
2015-03-25 16:55:39,219 - Could not load resource 'VM_global_library.vm' from ResourceLoader fitnesse.responders.templateUtilities.ClasspathResourceLoader: ClasspathResourceLoader Error: cannot find resource /fitnesse/resources/templates/VM_global_library.vm
2015-03-25 16:55:39,219 - Velocimacro : Default library not found.
2015-03-25 16:55:39,219 - Velocimacro : allowInline = true : VMs can be defined inline in templates
2015-03-25 16:55:39,219 - Velocimacro : allowInlineToOverride = false : VMs defined inline may NOT replace previous VM definitions
2015-03-25 16:55:39,219 - Velocimacro : allowInlineLocal = false : VMs defined inline will be global in scope if allowed.
2015-03-25 16:55:39,219 - Velocimacro : autoload off : VM system will not automatically reload global library macros
2015-03-25 16:55:39,219 - Velocimacro : Velocimacro : initialization complete.
2015-03-25 16:55:39,219 - RuntimeInstance successfully initialized.
2015-03-25 16:55:39,280 - ResourceManager : found skeleton.vm with loader fitnesse.responders.templateUtilities.ClasspathResourceLoader
2015-03-25 16:55:39,286 - ResourceManager : found header.vm with loader fitnesse.responders.templateUtilities.ClasspathResourceLoader
2015-03-25 16:55:39,301 - Velocimacro : added VM group: source=wikiNav.vm
2015-03-25 16:55:39,301 - ResourceManager : found wikiNav.vm with loader fitnesse.responders.templateUtilities.ClasspathResourceLoader
2015-03-25 16:55:39,311 - ResourceManager : found wikiPage.vm with loader fitnesse.responders.templateUtilities.ClasspathResourceLoader
2015-03-25 16:55:39,445 - ResourceManager : found wikiFooter.vm with loader fitnesse.responders.templateUtilities.ClasspathResourceLoader
2015-03-25 16:55:40,562 - ResourceManager : found skeleton.vm with loader fitnesse.responders.templateUtilities.ClasspathResourceLoader
2015-03-25 16:55:40,564 - ResourceManager : found header.vm with loader fitnesse.responders.templateUtilities.ClasspathResourceLoader
2015-03-25 16:55:40,567 - Velocimacro : VM addition rejected : group : inline not allowed to replace existing VM
2015-03-25 16:55:40,567 - ResourceManager : found wikiNav.vm with loader fitnesse.responders.templateUtilities.ClasspathResourceLoader
2015-03-25 16:55:40,571 - ResourceManager : found wikiPage.vm with loader fitnesse.responders.templateUtilities.ClasspathResourceLoader
2015-03-25 16:55:40,592 - ResourceManager : found wikiFooter.vm with loader fitnesse.responders.templateUtilities.ClasspathResourceLoader
2015-03-25 16:55:41,700 - ResourceManager : found skeleton.vm with loader fitnesse.responders.templateUtilities.ClasspathResourceLoader
2015-03-25 16:55:41,702 - ResourceManager : found header.vm with loader fitnesse.responders.templateUtilities.ClasspathResourceLoader
2015-03-25 16:55:41,704 - Velocimacro : VM addition rejected : group : inline not allowed to replace existing VM
2015-03-25 16:55:41,704 - ResourceManager : found wikiNav.vm with loader fitnesse.responders.templateUtilities.ClasspathResourceLoader
2015-03-25 16:55:41,708 - ResourceManager : found wikiPage.vm with loader fitnesse.responders.templateUtilities.ClasspathResourceLoader
2015-03-25 16:55:41,723 - ResourceManager : found wikiFooter.vm with loader fitnesse.responders.templateUtilities.ClasspathResourceLoader
2015-03-25 16:55:43,112 - ResourceManager : found skeleton.vm with loader fitnesse.responders.templateUtilities.ClasspathResourceLoader
2015-03-25 16:55:43,112 - ResourceManager : found header.vm with loader fitnesse.responders.templateUtilities.ClasspathResourceLoader
2015-03-25 16:55:43,115 - Velocimacro : VM addition rejected : group : inline not allowed to replace existing VM
2015-03-25 16:55:43,115 - ResourceManager : found wikiNav.vm with loader fitnesse.responders.templateUtilities.ClasspathResourceLoader
2015-03-25 16:55:43,118 - ResourceManager : found wikiPage.vm with loader fitnesse.responders.templateUtilities.ClasspathResourceLoader
2015-03-25 16:55:43,131 - ResourceManager : found wikiFooter.vm with loader fitnesse.responders.templateUtilities.ClasspathResourceLoader
2015-03-25 16:55:45,698 - ResourceManager : found skeleton.vm with loader fitnesse.responders.templateUtilities.ClasspathResourceLoader
2015-03-25 16:55:45,699 - ResourceManager : found header.vm with loader fitnesse.responders.templateUtilities.ClasspathResourceLoader
2015-03-25 16:55:45,702 - Velocimacro : VM addition rejected : group : inline not allowed to replace existing VM
2015-03-25 16:55:45,702 - ResourceManager : found wikiNav.vm with loader fitnesse.responders.templateUtilities.ClasspathResourceLoader
2015-03-25 16:55:45,704 - ResourceManager : found wikiPage.vm with loader fitnesse.responders.templateUtilities.ClasspathResourceLoader
2015-03-25 16:55:45,938 - ResourceManager : found wikiFooter.vm with loader fitnesse.responders.templateUtilities.ClasspathResourceLoader
2015-03-25 16:55:57,606 - ResourceManager : found skeleton.vm with loader fitnesse.responders.templateUtilities.ClasspathResourceLoader
2015-03-25 16:55:57,607 - ResourceManager : found header.vm with loader fitnesse.responders.templateUtilities.ClasspathResourceLoader
2015-03-25 16:55:57,612 - Velocimacro : VM addition rejected : group : inline not allowed to replace existing VM
2015-03-25 16:55:57,612 - ResourceManager : found wikiNav.vm with loader fitnesse.responders.templateUtilities.ClasspathResourceLoader
2015-03-25 16:55:57,618 - ResourceManager : found wikiPage.vm with loader fitnesse.responders.templateUtilities.ClasspathResourceLoader
2015-03-25 16:55:57,710 - ResourceManager : found wikiFooter.vm with loader fitnesse.responders.templateUtilities.ClasspathResourceLoader
2015-03-25 16:55:58,914 - ResourceManager : found skeleton.vm with loader fitnesse.responders.templateUtilities.ClasspathResourceLoader
2015-03-25 16:55:58,916 - ResourceManager : found header.vm with loader fitnesse.responders.templateUtilities.ClasspathResourceLoader
2015-03-25 16:55:58,919 - Velocimacro : VM addition rejected : group : inline not allowed to replace existing VM
2015-03-25 16:55:58,919 - ResourceManager : found wikiNav.vm with loader fitnesse.responders.templateUtilities.ClasspathResourceLoader
2015-03-25 16:55:58,924 - ResourceManager : found wikiPage.vm with loader fitnesse.responders.templateUtilities.ClasspathResourceLoader
2015-03-25 16:55:58,953 - ResourceManager : found wikiFooter.vm with loader fitnesse.responders.templateUtilities.ClasspathResourceLoader
2015-03-25 16:56:00,534 - ResourceManager : found skeleton.vm with loader fitnesse.responders.templateUtilities.ClasspathResourceLoader
2015-03-25 16:56:00,536 - ResourceManager : found header.vm with loader fitnesse.responders.templateUtilities.ClasspathResourceLoader
2015-03-25 16:56:00,538 - ResourceManager : found errorNavigator.vm with loader fitnesse.responders.templateUtilities.ClasspathResourceLoader
2015-03-25 16:56:00,541 - ResourceManager : found testNav.vm with loader fitnesse.responders.templateUtilities.ClasspathResourceLoader
2015-03-25 16:56:00,545 - Velocimacro : VM addition rejected : group : inline not allowed to replace existing VM
2015-03-25 16:56:00,545 - ResourceManager : found wikiNav.vm with loader fitnesse.responders.templateUtilities.ClasspathResourceLoader
2015-03-25 16:56:00,558 - ResourceManager : found testPage.vm with loader fitnesse.responders.templateUtilities.ClasspathResourceLoader
2015-03-25 16:56:19,026 - ResourceManager : found testResults.vm with loader fitnesse.responders.templateUtilities.ClasspathResourceLoader
2015-03-25 16:56:21,088 - ResourceManager : found executionLog.vm with loader fitnesse.responders.templateUtilities.ClasspathResourceLoader
2015-03-25 16:56:21,682 - ResourceManager : found wikiFooter.vm with loader fitnesse.responders.templateUtilities.ClasspathResourceLoader
2015-03-25 17:00:27,217 - ResourceManager : found skeleton.vm with loader fitnesse.responders.templateUtilities.ClasspathResourceLoader
2015-03-25 17:00:27,218 - ResourceManager : found header.vm with loader fitnesse.responders.templateUtilities.ClasspathResourceLoader
2015-03-25 17:00:27,221 - Velocimacro : VM addition rejected : group : inline not allowed to replace existing VM
2015-03-25 17:00:27,222 - ResourceManager : found wikiNav.vm with loader fitnesse.responders.templateUtilities.ClasspathResourceLoader
2015-03-25 17:00:27,225 - ResourceManager : found wikiPage.vm with loader fitnesse.responders.templateUtilities.ClasspathResourceLoader
2015-03-25 17:00:27,254 - ResourceManager : found wikiFooter.vm with loader fitnesse.responders.templateUtilities.ClasspathResourceLoader
2015-03-25 17:00:28,144 - ResourceManager : found skeleton.vm with loader fitnesse.responders.templateUtilities.ClasspathResourceLoader
2015-03-25 17:00:28,145 - ResourceManager : found header.vm with loader fitnesse.responders.templateUtilities.ClasspathResourceLoader
2015-03-25 17:00:28,149 - Velocimacro : VM addition rejected : group : inline not allowed to replace existing VM
2015-03-25 17:00:28,149 - ResourceManager : found wikiNav.vm with loader fitnesse.responders.templateUtilities.ClasspathResourceLoader
2015-03-25 17:00:28,153 - ResourceManager : found wikiPage.vm with loader fitnesse.responders.templateUtilities.ClasspathResourceLoader
2015-03-25 17:00:28,199 - ResourceManager : found wikiFooter.vm with loader fitnesse.responders.templateUtilities.ClasspathResourceLoader
2015-03-25 17:00:29,600 - ResourceManager : found skeleton.vm with loader fitnesse.responders.templateUtilities.ClasspathResourceLoader
2015-03-25 17:00:29,602 - ResourceManager : found header.vm with loader fitnesse.responders.templateUtilities.ClasspathResourceLoader
2015-03-25 17:00:29,603 - ResourceManager : found errorNavigator.vm with loader fitnesse.responders.templateUtilities.ClasspathResourceLoader
2015-03-25 17:00:29,605 - ResourceManager : found testNav.vm with loader fitnesse.responders.templateUtilities.ClasspathResourceLoader
2015-03-25 17:00:29,609 - Velocimacro : VM addition rejected : group : inline not allowed to replace existing VM
2015-03-25 17:00:29,609 - ResourceManager : found wikiNav.vm with loader fitnesse.responders.templateUtilities.ClasspathResourceLoader
2015-03-25 17:00:29,616 - ResourceManager : found suitePage.vm with loader fitnesse.responders.templateUtilities.ClasspathResourceLoader
2015-03-25 17:00:50,221 - ResourceManager : found testResults.vm with loader fitnesse.responders.templateUtilities.ClasspathResourceLoader
2015-03-25 17:00:58,085 - ResourceManager : found testResults.vm with loader fitnesse.responders.templateUtilities.ClasspathResourceLoader
2015-03-25 17:01:05,818 - ResourceManager : found testResults.vm with loader fitnesse.responders.templateUtilities.ClasspathResourceLoader
2015-03-25 17:01:17,025 - ResourceManager : found testResults.vm with loader fitnesse.responders.templateUtilities.ClasspathResourceLoader
2015-03-25 17:01:36,036 - ResourceManager : found testResults.vm with loader fitnesse.responders.templateUtilities.ClasspathResourceLoader
2015-03-25 17:02:09,125 - ResourceManager : found testResults.vm with loader fitnesse.responders.templateUtilities.ClasspathResourceLoader
2015-03-25 17:02:17,999 - ResourceManager : found testResults.vm with loader fitnesse.responders.templateUtilities.ClasspathResourceLoader
2015-03-25 17:02:27,951 - ResourceManager : found testResults.vm with loader fitnesse.responders.templateUtilities.ClasspathResourceLoader
2015-03-25 17:02:37,522 - ResourceManager : found testResults.vm with loader fitnesse.responders.templateUtilities.ClasspathResourceLoader
2015-03-25 17:02:47,508 - ResourceManager : found testResults.vm with loader fitnesse.responders.templateUtilities.ClasspathResourceLoader
2015-03-25 17:02:56,357 - ResourceManager : found testResults.vm with loader fitnesse.responders.templateUtilities.ClasspathResourceLoader
2015-03-25 17:03:04,218 - ResourceManager : found testResults.vm with loader fitnesse.responders.templateUtilities.ClasspathResourceLoader
2015-03-25 17:03:12,514 - ResourceManager : found testResults.vm with loader fitnesse.responders.templateUtilities.ClasspathResourceLoader
2015-03-25 17:03:21,967 - ResourceManager : found testResults.vm with loader fitnesse.responders.templateUtilities.ClasspathResourceLoader
2015-03-25 17:03:29,000 - ResourceManager : found testResults.vm with loader fitnesse.responders.templateUtilities.ClasspathResourceLoader
2015-03-25 17:03:38,870 - ResourceManager : found testResults.vm with loader fitnesse.responders.templateUtilities.ClasspathResourceLoader
2015-03-25 17:03:46,701 - ResourceManager : found testResults.vm with loader fitnesse.responders.templateUtilities.ClasspathResourceLoader
2015-03-25 17:03:54,005 - ResourceManager : found testResults.vm with loader fitnesse.responders.templateUtilities.ClasspathResourceLoader
2015-03-25 17:04:21,846 - ResourceManager : found testResults.vm with loader fitnesse.responders.templateUtilities.ClasspathResourceLoader
2015-03-25 17:04:30,659 - ResourceManager : found testResults.vm with loader fitnesse.responders.templateUtilities.ClasspathResourceLoader
2015-03-25 17:04:39,494 - ResourceManager : found testResults.vm with loader fitnesse.responders.templateUtilities.ClasspathResourceLoader
2015-03-25 17:04:47,649 - ResourceManager : found testResults.vm with loader fitnesse.responders.templateUtilities.ClasspathResourceLoader
2015-03-25 17:04:54,463 - ResourceManager : found testResults.vm with loader fitnesse.responders.templateUtilities.ClasspathResourceLoader
2015-03-25 17:05:01,305 - ResourceManager : found testResults.vm with loader fitnesse.responders.templateUtilities.ClasspathResourceLoader
2015-03-25 17:05:09,184 - ResourceManager : found testResults.vm with loader fitnesse.responders.templateUtilities.ClasspathResourceLoader
2015-03-25 17:05:17,022 - ResourceManager : found testResults.vm with loader fitnesse.responders.templateUtilities.ClasspathResourceLoader
2015-03-25 17:05:24,850 - ResourceManager : found testResults.vm with loader fitnesse.responders.templateUtilities.ClasspathResourceLoader
2015-03-25 17:05:33,697 - ResourceManager : found testResults.vm with loader fitnesse.responders.templateUtilities.ClasspathResourceLoader
2015-03-25 17:05:45,534 - ResourceManager : found testResults.vm with loader fitnesse.responders.templateUtilities.ClasspathResourceLoader
2015-03-25 17:05:52,355 - ResourceManager : found testResults.vm with loader fitnesse.responders.templateUtilities.ClasspathResourceLoader
2015-03-25 17:06:02,212 - ResourceManager : found testResults.vm with loader fitnesse.responders.templateUtilities.ClasspathResourceLoader
2015-03-25 17:06:09,191 - ResourceManager : found testResults.vm with loader fitnesse.responders.templateUtilities.ClasspathResourceLoader
2015-03-25 17:06:17,220 - ResourceManager : found testResults.vm with loader fitnesse.responders.templateUtilities.ClasspathResourceLoader
2015-03-25 17:06:19,267 - ResourceManager : found executionLog.vm with loader fitnesse.responders.templateUtilities.ClasspathResourceLoader
2015-03-25 17:06:19,766 - ResourceManager : found suiteHistoryXML.vm with loader fitnesse.responders.templateUtilities.ClasspathResourceLoader
2015-03-25 17:06:19,879 - ResourceManager : found wikiFooter.vm with loader fitnesse.responders.templateUtilities.ClasspathResourceLoader
